<?xml version="1.0" encoding="UTF-8"?>
<!-- Generated by org.testng.reporters.JUnitReportReporter -->
<testsuite hostname="LAPTOP-9O7HKAGV" failures="0" tests="3" name="testNGFramework.GroupsInTestNGTest" time="0.011" errors="0" timestamp="2021-10-30T23:54:01 IST" skipped="0">
  <testcase classname="testNGFramework.GroupsInTestNGTest" name="register" time="0.002"/>
  <system-out/>
  <testcase classname="testNGFramework.GroupsInTestNGTest" name="loginTest" time="0.002"/>
  <system-out/>
  <testcase classname="testNGFramework.GroupsInTestNGTest" name="creatAccount" time="0.007"/>
  <system-out/>
</testsuite> <!-- testNGFramework.GroupsInTestNGTest -->
