<?xml version="1.0" encoding="UTF-8"?>
<!-- Generated by org.testng.reporters.JUnitReportReporter -->
<testsuite hostname="LAPTOP-9O7HKAGV" failures="0" tests="4" name="testNGFramework.TestNGTestDefaultExecutionOrder" time="0.013" errors="0" timestamp="2021-10-30T23:29:53 IST" skipped="0">
  <testcase classname="testNGFramework.TestNGTestDefaultExecutionOrder" name="loginTest" time="0.002"/>
  <system-out/>
  <testcase classname="testNGFramework.TestNGTestDefaultExecutionOrder" name="updateAccountTest" time="0.002"/>
  <system-out/>
  <testcase classname="testNGFramework.TestNGTestDefaultExecutionOrder" name="logoutTest" time="0.001"/>
  <system-out/>
  <testcase classname="testNGFramework.TestNGTestDefaultExecutionOrder" name="createAccountTest" time="0.008"/>
  <system-out/>
</testsuite> <!-- testNGFramework.TestNGTestDefaultExecutionOrder -->
