<?xml version="1.0" encoding="UTF-8"?>
<!-- Generated by org.testng.reporters.JUnitReportReporter -->
<testsuite hostname="LAPTOP-9O7HKAGV" failures="0" tests="1" name="synchronization.ImplicitlyWaits" time="8.157" errors="0" timestamp="2021-11-21T18:36:12 IST" skipped="0">
  <testcase classname="synchronization.ImplicitlyWaits" name="waitsInSelenium" time="8.157"/>
  <system-out/>
</testsuite> <!-- synchronization.ImplicitlyWaits -->
