<?xml version="1.0" encoding="UTF-8"?>
<!-- Generated by org.testng.reporters.JUnitReportReporter -->
<testsuite hostname="LAPTOP-9O7HKAGV" failures="0" tests="4" name="testNGFramework.PrioritiseTestInTestNG" time="0.011" errors="0" timestamp="2021-10-30T23:38:29 IST" skipped="0">
  <testcase classname="testNGFramework.PrioritiseTestInTestNG" name="loginTest" time="0.007"/>
  <system-out/>
  <testcase classname="testNGFramework.PrioritiseTestInTestNG" name="createAccountTest" time="0.001"/>
  <system-out/>
  <testcase classname="testNGFramework.PrioritiseTestInTestNG" name="updateAccount" time="0.001"/>
  <system-out/>
  <testcase classname="testNGFramework.PrioritiseTestInTestNG" name="logoutTest" time="0.002"/>
  <system-out/>
</testsuite> <!-- testNGFramework.PrioritiseTestInTestNG -->
