<?xml version="1.0" encoding="UTF-8"?>
<!-- Generated by org.testng.reporters.JUnitReportReporter -->
<testsuite hostname="LAPTOP-9O7HKAGV" failures="0" tests="2" name="testNGFramework.TestNGAnnotations" time="0.012" errors="0" timestamp="2021-10-30T23:22:16 IST" skipped="0">
  <testcase classname="testNGFramework.TestNGAnnotations" name="test2" time="0.002"/>
  <system-out/>
  <testcase classname="testNGFramework.TestNGAnnotations" name="test1" time="0.010"/>
  <system-out/>
</testsuite> <!-- testNGFramework.TestNGAnnotations -->
