<?xml version="1.0" encoding="UTF-8"?>
<!-- Generated by org.testng.reporters.JUnitReportReporter -->
<testsuite hostname="LAPTOP-9O7HKAGV" failures="0" tests="4" name="testNGFramework.DDTestInTestNG" time="0.014" errors="0" timestamp="2021-11-07T15:07:56 IST" skipped="0">
  <testcase classname="testNGFramework.DDTestInTestNG" name="createTest" time="0.003"/>
  <system-out/>
  <testcase classname="testNGFramework.DDTestInTestNG" name="createTest" time="0.007"/>
  <system-out/>
  <testcase classname="testNGFramework.DDTestInTestNG" name="getData" time="0.002"/>
  <system-out/>
  <testcase classname="testNGFramework.DDTestInTestNG" name="getData" time="0.002"/>
  <system-out/>
</testsuite> <!-- testNGFramework.DDTestInTestNG -->
