<?xml version="1.0" encoding="UTF-8"?>
<!-- Generated by org.testng.reporters.JUnitReportReporter -->
<testsuite hostname="LAPTOP-9O7HKAGV" failures="0" tests="1" name="synchronization.Waits_In_Selenium" time="31.856" errors="0" timestamp="2021-11-21T18:30:11 IST" skipped="0">
  <testcase classname="synchronization.Waits_In_Selenium" name="waitsInSelenium" time="31.856"/>
  <system-out/>
</testsuite> <!-- synchronization.Waits_In_Selenium -->
