<?xml version="1.0" encoding="UTF-8"?>
<!-- Generated by org.testng.reporters.JUnitReportReporter -->
<testsuite hostname="LAPTOP-9O7HKAGV" failures="0" tests="1" name="synchronization.ExplicitlyWaits" time="7.794" errors="0" timestamp="2021-11-21T18:48:28 IST" skipped="0">
  <testcase classname="synchronization.ExplicitlyWaits" name="waitsInSelenium" time="7.794"/>
  <system-out/>
</testsuite> <!-- synchronization.ExplicitlyWaits -->
